<?xml version="1.0" encoding="utf-8"?><testsuites name="pytest tests"><testsuite name="pytest" errors="0" failures="0" skipped="0" tests="12" time="4.680" timestamp="2026-07-22T17:55:10.614578+00:00" hostname="agent-env-5de2acc1-5a92-4b17-9c3f-11757e698a00"><testcase classname="tests.test_phase2a.TestCategories" name="test_tree_seeded" time="0.706" /><testcase classname="tests.test_phase2a.TestCategories" name="test_create_top_and_sub_delete" time="0.738" /><testcase classname="tests.test_phase2a.TestProductsDynamic" name="test_list_enriched" time="0.858" /><testcase classname="tests.test_phase2a.TestProductsDynamic" name="test_filter_by_category_and_metal" time="0.505" /><testcase classname="tests.test_phase2a.TestProductsDynamic" name="test_create_product_with_attrs" time="0.755" /><testcase classname="tests.test_phase2a.TestCategories" name="test_cannot_delete_referenced_category" time="0.100" /><testcase classname="tests.test_phase2a.TestAttributes" name="test_for_product_rings" time="0.115" /><testcase classname="tests.test_phase2a.TestAttributes" name="test_create_dropdown_attr_and_delete" time="0.403" /><testcase classname="tests.test_phase2a.TestInvoicePdf" name="test_pdf_generation" time="0.622" /><testcase classname="tests.test_phase2a.TestLookups" name="test_metal_types_seeded" time="0.099" /><testcase classname="tests.test_phase2a.TestLookups" name="test_tags_crud" time="0.514" /><testcase classname="tests.test_phase2a.TestCatalogRbac" name="test_cashier_no_catalog" time="1.511" /></testsuite></testsuites>