<?xml version="1.0" encoding="utf-8"?><testsuites name="pytest tests"><testsuite name="pytest" errors="0" failures="0" skipped="0" tests="21" time="4.465" timestamp="2026-07-22T17:26:26.356398+00:00" hostname="agent-env-5de2acc1-5a92-4b17-9c3f-11757e698a00"><testcase classname="tests.backend_test.TestAuth" name="test_login_wrong_password" time="0.713" /><testcase classname="tests.backend_test.TestProducts" name="test_list_seeded" time="0.715" /><testcase classname="tests.backend_test.TestProducts" name="test_search_filter" time="0.136" /><testcase classname="tests.backend_test.TestProducts" name="test_metal_filter" time="0.241" /><testcase classname="tests.backend_test.TestAuth" name="test_login_success_returns_token" time="0.377" /><testcase classname="tests.backend_test.TestAuth" name="test_me" time="0.114" /><testcase classname="tests.backend_test.TestProducts" name="test_low_stock_filter" time="0.104" /><testcase classname="tests.backend_test.TestProducts" name="test_crud_product" time="0.684" /><testcase classname="tests.backend_test.TestAuth" name="test_me_no_token" time="0.147" /><testcase classname="tests.backend_test.TestCustomers" name="test_list_seeded" time="0.113" /><testcase classname="tests.backend_test.TestCustomers" name="test_search_by_name" time="0.143" /><testcase classname="tests.backend_test.TestCustomers" name="test_create_and_detail" time="0.369" /><testcase classname="tests.backend_test.TestSettings" name="test_get_company" time="0.132" /><testcase classname="tests.backend_test.TestInvoice" name="test_create_invoice_and_stock_decrement" time="0.315" /><testcase classname="tests.backend_test.TestSettings" name="test_update_company" time="0.404" /><testcase classname="tests.backend_test.TestInvoice" name="test_list_invoices" time="0.098" /><testcase classname="tests.backend_test.TestDashboard" name="test_summary" time="0.107" /><testcase classname="tests.backend_test.TestSettings" name="test_update_gold_rate" time="0.152" /><testcase classname="tests.backend_test.TestReports" name="test_sales" time="0.105" /><testcase classname="tests.backend_test.TestSchemes" name="test_create_scheme_and_payment" time="0.805" /><testcase classname="tests.backend_test.TestRBAC" name="test_create_cashier_and_permissions" time="1.332" /></testsuite></testsuites>